Script started on Thu 12 Feb 2015 09:52:53 PM EST
]0;trinity@zion: ~/srctrinity@zion:~/src$ git status
# On branch master
# Your branch is ahead of 'origin/master' by 2 commits.
#
# Changes not staged for commit:
#   (use "git add <file>..." to update what will be committed)
#   (use "git checkout -- <file>..." to discard changes in working directory)
#
#	modified:   kern/startup/main.c
#
# Untracked files:
#   (use "git add <file>..." to include in what will be committed)
#
#	submit.patch
#	typescript
no changes added to commit (use "git add" and/or "git commit -a")
]0;trinity@zion: ~/srctrinity@zion:~/src$ git diff
[?1h=diff --git a/kern/startup/main.c b/kern/startup/main.c[m
index 430c042..864ac36 100644[m
--- a/kern/startup/main.c[m
+++ b/kern/startup/main.c[m
@@ -30,7 +30,7 @@[m
 /*[m
  * Main.[m
  */[m
-[m
+// "Adding for git" marora3@buffalo.edu[m
 [m
 #include <types.h>[m
 #include <kern/errno.h>[m
[K[?1l>]0;trinity@zion: ~/srctrinity@zion:~/src$ git add /ker[K[K[K[K.
]0;trinity@zion: ~/srctrinity@zion:~/src$ git commit -a -a[Km "Added c[KA[KComment"[K for Gi[KIT"
[master 164bc96] Added Comment for GIT
 Committer: ops-class.org Student <trinity@zion.(none)>
Your name and email address were configured automatically based
on your username and hostname. Please check that they are accurate.
You can suppress this message by setting them explicitly:

    git config --global user.name "Your Name"
    git config --global user.email you@example.com

After doing this, you may fix the identity used for this commit with:

    git commit --amend --reset-author

 2 files changed, 698 insertions(+), 1 deletion(-)
 create mode 100644 submit.patch
 create mode 100644 typescript
]0;trinity@zion: ~/srctrinity@zion:~/src$ git status
# On branch master
# Your branch is ahead of 'origin/master' by 3 commits.
#
nothing to commit (working directory clean)
]0;trinity@zion: ~/srctrinity@zion:~/src$ bmake[K[K[K[K[K [Kcd kern/compile/ASST1[K0
]0;trinity@zion: ~/src/kern/compile/ASST0trinity@zion:~/src/kern/compile/ASST0$ bmake depend
bmake includelinks
`includelinks' is up to date.
mips-harvard-os161-gcc -g -Wall -W -Wwrite-strings -Wmissing-prototypes -Werror -std=gnu99 -mno-abicalls -fno-pic -ffixed-23 -nostdinc -I../../include -I../../dev -I. -Iincludelinks -ffreestanding -D_KERNEL -M ../../../common/libc/printf/__printf.c ../../../common/libc/printf/snprintf.c ../../../common/libc/stdlib/atoi.c ../../../common/libc/string/bzero.c ../../../common/libc/string/memcpy.c ../../../common/libc/string/memmove.c ../../../common/libc/string/strcat.c ../../../common/libc/string/strchr.c ../../../common/libc/string/strcmp.c ../../../common/libc/string/strcpy.c ../../../common/libc/string/strlen.c ../../../common/libc/string/strrchr.c ../../../common/libc/string/strtok_r.c ../../compile/ASST0/autoconf.c ../../dev/generic/beep.c ../../dev/generic/console.c ../../dev/generic/random.c ../../dev/generic/rtclock.c ../../dev/lamebus/beep_ltimer.c ../../dev/lamebus/con_lser.c ../../dev/lamebus/emu_att.c ../../dev/lamebus/emu.c ../../dev/lamebus/lamebus.c ../../dev/lamebus/lhd_att.c ../../dev/lamebus/lhd.c ../../dev/lamebus/lrandom_att.c ../../dev/lamebus/lrandom.c ../../dev/lamebus/lser_att.c ../../dev/lamebus/lser.c ../../dev/lamebus/ltimer_att.c ../../dev/lamebus/ltimer.c ../../dev/lamebus/ltrace_att.c ../../dev/lamebus/ltrace.c ../../dev/lamebus/random_lrandom.c ../../dev/lamebus/rtclock_ltimer.c ../../fs/sfs/sfs_fs.c ../../fs/sfs/sfs_io.c ../../fs/sfs/sfs_vnode.c ../../lib/array.c ../../lib/bitmap.c ../../lib/bswap.c ../../lib/kgets.c ../../lib/kprintf.c ../../lib/misc.c ../../lib/uio.c ../../startup/main.c ../../startup/menu.c ../../syscall/loadelf.c ../../syscall/runprogram.c ../../syscall/time_syscalls.c ../../test/arraytest.c ../../test/bitmaptest.c ../../test/fstest.c ../../test/malloctest.c ../../test/synchtest.c ../../test/threadtest.c ../../test/tt3.c ../../thread/clock.c ../../thread/spinlock.c ../../thread/spl.c ../../thread/synch.c ../../thread/thread.c ../../thread/threadlist.c ../../vfs/device.c ../../vfs/devnull.c ../../vfs/vfscwd.c ../../vfs/vfslist.c ../../vfs/vfslookup.c ../../vfs/vfspath.c ../../vfs/vnode.c ../../vm/kmalloc.c ../../arch/mips/locore/trap.c ../../arch/mips/syscall/syscall.c ../../arch/mips/thread/cpu.c ../../arch/mips/thread/switchframe.c ../../arch/mips/thread/switch.S ../../arch/mips/thread/thread_machdep.c ../../arch/mips/thread/threadstart.S ../../arch/mips/vm/dumbvm.c ../../arch/mips/vm/ram.c ../../../common/gcc-millicode/adddi3.c ../../../common/gcc-millicode/anddi3.c ../../../common/gcc-millicode/ashldi3.c ../../../common/gcc-millicode/ashrdi3.c ../../../common/gcc-millicode/cmpdi2.c ../../../common/gcc-millicode/divdi3.c ../../../common/gcc-millicode/iordi3.c ../../../common/gcc-millicode/lshldi3.c ../../../common/gcc-millicode/lshrdi3.c ../../../common/gcc-millicode/moddi3.c ../../../common/gcc-millicode/muldi3.c ../../../common/gcc-millicode/negdi2.c ../../../common/gcc-millicode/notdi2.c ../../../common/gcc-millicode/qdivrem.c ../../../common/gcc-millicode/subdi3.c ../../../common/gcc-millicode/ucmpdi2.c ../../../common/gcc-millicode/udivdi3.c ../../../common/gcc-millicode/umoddi3.c ../../../common/gcc-millicode/xordi3.c ../../../common/libc/arch/mips/setjmp.S ../../vm/copyinout.c ../../arch/mips/locore/cache-mips161.S ../../arch/mips/locore/exception-mips1.S ../../arch/mips/vm/tlb-mips1.S ../../arch/sys161/dev/lamebus_machdep.c ../../arch/sys161/startup/start.S > .depend
../../startup/main.c:10:2: error: "/*" within comment
*** Error code 1

Stop.
bmake: stopped in /home/trinity/src/kern/compile/ASST0
]0;trinity@zion: ~/src/kern/compile/ASST0trinity@zion:~/src/kern/compile/ASST0$ bmake
mips-harvard-os161-gcc -g -Wall -W -Wwrite-strings -Wmissing-prototypes -Werror -std=gnu99 -mno-abicalls -fno-pic -ffixed-23 -nostdinc -I../../include -I../../dev -I. -Iincludelinks -ffreestanding -D_KERNEL -c ../../dev/generic/console.c
mips-harvard-os161-gcc -g -Wall -W -Wwrite-strings -Wmissing-prototypes -Werror -std=gnu99 -mno-abicalls -fno-pic -ffixed-23 -nostdinc -I../../include -I../../dev -I. -Iincludelinks -ffreestanding -D_KERNEL -c ../../dev/lamebus/emu_att.c
mips-harvard-os161-gcc -g -Wall -W -Wwrite-strings -Wmissing-prototypes -Werror -std=gnu99 -mno-abicalls -fno-pic -ffixed-23 -nostdinc -I../../include -I../../dev -I. -Iincludelinks -ffreestanding -D_KERNEL -c ../../dev/lamebus/emu.c
mips-harvard-os161-gcc -g -Wall -W -Wwrite-strings -Wmissing-prototypes -Werror -std=gnu99 -mno-abicalls -fno-pic -ffixed-23 -nostdinc -I../../include -I../../dev -I. -Iincludelinks -ffreestanding -D_KERNEL -c ../../dev/lamebus/lamebus.c
mips-harvard-os161-gcc -g -Wall -W -Wwrite-strings -Wmissing-prototypes -Werror -std=gnu99 -mno-abicalls -fno-pic -ffixed-23 -nostdinc -I../../include -I../../dev -I. -Iincludelinks -ffreestanding -D_KERNEL -c ../../dev/lamebus/lhd_att.c
mips-harvard-os161-gcc -g -Wall -W -Wwrite-strings -Wmissing-prototypes -Werror -std=gnu99 -mno-abicalls -fno-pic -ffixed-23 -nostdinc -I../../include -I../../dev -I. -Iincludelinks -ffreestanding -D_KERNEL -c ../../dev/lamebus/lhd.c
mips-harvard-os161-gcc -g -Wall -W -Wwrite-strings -Wmissing-prototypes -Werror -std=gnu99 -mno-abicalls -fno-pic -ffixed-23 -nostdinc -I../../include -I../../dev -I. -Iincludelinks -ffreestanding -D_KERNEL -c ../../dev/lamebus/lrandom_att.c
mips-harvard-os161-gcc -g -Wall -W -Wwrite-strings -Wmissing-prototypes -Werror -std=gnu99 -mno-abicalls -fno-pic -ffixed-23 -nostdinc -I../../include -I../../dev -I. -Iincludelinks -ffreestanding -D_KERNEL -c ../../dev/lamebus/lrandom.c
mips-harvard-os161-gcc -g -Wall -W -Wwrite-strings -Wmissing-prototypes -Werror -std=gnu99 -mno-abicalls -fno-pic -ffixed-23 -nostdinc -I../../include -I../../dev -I. -Iincludelinks -ffreestanding -D_KERNEL -c ../../dev/lamebus/lser_att.c
mips-harvard-os161-gcc -g -Wall -W -Wwrite-strings -Wmissing-prototypes -Werror -std=gnu99 -mno-abicalls -fno-pic -ffixed-23 -nostdinc -I../../include -I../../dev -I. -Iincludelinks -ffreestanding -D_KERNEL -c ../../dev/lamebus/lser.c
mips-harvard-os161-gcc -g -Wall -W -Wwrite-strings -Wmissing-prototypes -Werror -std=gnu99 -mno-abicalls -fno-pic -ffixed-23 -nostdinc -I../../include -I../../dev -I. -Iincludelinks -ffreestanding -D_KERNEL -c ../../dev/lamebus/ltimer_att.c
mips-harvard-os161-gcc -g -Wall -W -Wwrite-strings -Wmissing-prototypes -Werror -std=gnu99 -mno-abicalls -fno-pic -ffixed-23 -nostdinc -I../../include -I../../dev -I. -Iincludelinks -ffreestanding -D_KERNEL -c ../../dev/lamebus/ltimer.c
mips-harvard-os161-gcc -g -Wall -W -Wwrite-strings -Wmissing-prototypes -Werror -std=gnu99 -mno-abicalls -fno-pic -ffixed-23 -nostdinc -I../../include -I../../dev -I. -Iincludelinks -ffreestanding -D_KERNEL -c ../../dev/lamebus/ltrace_att.c
mips-harvard-os161-gcc -g -Wall -W -Wwrite-strings -Wmissing-prototypes -Werror -std=gnu99 -mno-abicalls -fno-pic -ffixed-23 -nostdinc -I../../include -I../../dev -I. -Iincludelinks -ffreestanding -D_KERNEL -c ../../dev/lamebus/ltrace.c
mips-harvard-os161-gcc -g -Wall -W -Wwrite-strings -Wmissing-prototypes -Werror -std=gnu99 -mno-abicalls -fno-pic -ffixed-23 -nostdinc -I../../include -I../../dev -I. -Iincludelinks -ffreestanding -D_KERNEL -c ../../fs/sfs/sfs_vnode.c
mips-harvard-os161-gcc -g -Wall -W -Wwrite-strings -Wmissing-prototypes -Werror -std=gnu99 -mno-abicalls -fno-pic -ffixed-23 -nostdinc -I../../include -I../../dev -I. -Iincludelinks -ffreestanding -D_KERNEL -c ../../lib/kprintf.c
mips-harvard-os161-gcc -g -Wall -W -Wwrite-strings -Wmissing-prototypes -Werror -std=gnu99 -mno-abicalls -fno-pic -ffixed-23 -nostdinc -I../../include -I../../dev -I. -Iincludelinks -ffreestanding -D_KERNEL -c ../../startup/main.c
../../startup/main.c:10:2: error: "/*" within comment
cc1: warnings being treated as errors
../../startup/main.c:11: warning: data definition has no type or storage class
../../startup/main.c:11: warning: type defaults to 'int' in declaration of 'ram_bootstrap'
../../startup/main.c:12: warning: data definition has no type or storage class
../../startup/main.c:12: warning: type defaults to 'int' in declaration of 'thread_bootstrap'
../../startup/main.c:13: warning: data definition has no type or storage class
../../startup/main.c:13: warning: type defaults to 'int' in declaration of 'hardclock_bootstrap'
../../startup/main.c:14: warning: data definition has no type or storage class
../../startup/main.c:14: warning: type defaults to 'int' in declaration of 'vfs_bootstrap'
../../startup/main.c:17: error: expected declaration specifiers or '...' before string constant
../../startup/main.c:17: warning: data definition has no type or storage class
../../startup/main.c:17: warning: type defaults to 'int' in declaration of 'kprintf'
../../startup/main.c:18: error: expected ')' before '->' token
../../startup/main.c:19: warning: data definition has no type or storage class
../../startup/main.c:19: warning: type defaults to 'int' in declaration of 'mainbus_bootstrap'
../../startup/main.c:20: error: expected ')' before '->' token
../../startup/main.c:22: warning: data definition has no type or storage class
../../startup/main.c:22: warning: type defaults to 'int' in declaration of 'pseudoconfig'
../../startup/main.c:23: error: expected declaration specifiers or '...' before string constant
../../startup/main.c:23: warning: data definition has no type or storage class
../../startup/main.c:23: warning: type defaults to 'int' in declaration of 'kprintf'
../../startup/main.c:26: warning: data definition has no type or storage class
../../startup/main.c:26: warning: type defaults to 'int' in declaration of 'vm_bootstrap'
../../startup/main.c:27: warning: data definition has no type or storage class
../../startup/main.c:27: warning: type defaults to 'int' in declaration of 'kprintf_bootstrap'
../../startup/main.c:28: warning: data definition has no type or storage class
../../startup/main.c:28: warning: type defaults to 'int' in declaration of 'thread_start_cpus'
../../startup/main.c:31: error: expected declaration specifiers or '...' before string constant
../../startup/main.c:31: warning: data definition has no type or storage class
../../startup/main.c:31: warning: type defaults to 'int' in declaration of 'vfs_setbootfs'
../../startup/main.c:37: error: expected declaration specifiers or '...' before 'sizeof'
../../startup/main.c:37: warning: data definition has no type or storage class
../../startup/main.c:37: warning: type defaults to 'int' in declaration of 'COMPILE_ASSERT'
../../startup/main.c:38: error: expected declaration specifiers or '...' before 'sizeof'
../../startup/main.c:38: warning: data definition has no type or storage class
../../startup/main.c:38: warning: type defaults to 'int' in declaration of 'COMPILE_ASSERT'
../../startup/main.c:39: error: expected identifier or '(' before '}' token
../../startup/main.c: In function 'shutdown':
../../startup/main.c:51: warning: implicit declaration of function 'vfs_clearbootfs'
../../startup/main.c:52: warning: implicit declaration of function 'vfs_clearcurdir'
../../startup/main.c:53: warning: implicit declaration of function 'vfs_unmountall'
../../startup/main.c:55: warning: implicit declaration of function 'thread_shutdown'
../../startup/main.c:57: warning: implicit declaration of function 'splhigh'
../../startup/main.c: At top level:
../../startup/main.c:71: warning: no previous prototype for 'sys_reboot'
../../startup/main.c: In function 'sys_reboot':
../../startup/main.c:73: error: 'RB_REBOOT' undeclared (first use in this function)
../../startup/main.c:73: error: (Each undeclared identifier is reported only once
../../startup/main.c:73: error: for each function it appears in.)
../../startup/main.c:74: error: 'RB_HALT' undeclared (first use in this function)
../../startup/main.c:75: error: 'RB_POWEROFF' undeclared (first use in this function)
../../startup/main.c:78: error: 'EINVAL' undeclared (first use in this function)
../../startup/main.c:86: warning: implicit declaration of function 'mainbus_halt'
../../startup/main.c:90: warning: implicit declaration of function 'mainbus_reboot'
../../startup/main.c:94: warning: implicit declaration of function 'mainbus_poweroff'
../../startup/main.c:98: warning: implicit declaration of function 'panic'
../../startup/main.c: At top level:
../../startup/main.c:108: warning: no previous prototype for 'kmain'
../../startup/main.c: In function 'kmain':
../../startup/main.c:109: warning: implicit declaration of function 'boot'
../../startup/main.c:111: warning: implicit declaration of function 'menu'
*** Error code 1

Stop.
bmake: stopped in /home/trinity/src/kern/compile/ASST0
]0;trinity@zion: ~/src/kern/compile/ASST0trinity@zion:~/src/kern/compile/ASST0$ cd
]0;trinity@zion: ~trinity@zion:~$ cd src
]0;trinity@zion: ~/srctrinity@zion:~/src$ git pull
Already up-to-date.
]0;trinity@zion: ~/srctrinity@zion:~/src$ exit
exit

Script done on Thu 12 Feb 2015 09:58:45 PM EST
